# JRE version: OpenJDK Runtime Environment (8.0_60-b24) (build 1.8.0_60-b24)
# Java VM: OpenJDK 64-Bit Server VM (25.60-b23 mixed mode linux-amd64 compressed oops)
Heap:
 def new generation   total 455232K, used 0K [0x0000000083000000, 0x00000000a1df0000, 0x00000000acaa0000)
  eden space 404672K,   0% used [0x0000000083000000, 0x0000000083000000, 0x000000009bb30000)
  from space 50560K,   0% used [0x000000009bb30000, 0x000000009bb30000, 0x000000009ec90000)
  to   space 50560K,   0% used [0x000000009ec90000, 0x000000009ec90000, 0x00000000a1df0000)
 tenured generation   total 1060056K, used 1009076K [0x00000000acaa0000, 0x00000000ed5d6000, 0x0000000100000000)
   the space 1060056K,  95% used [0x00000000acaa0000, 0x00000000ea40d148, 0x00000000ea40d200, 0x00000000ed5d6000)
 Metaspace       used 7428K, capacity 7676K, committed 7808K, reserved 1056768K
  class space    used 779K, capacity 858K, committed 896K, reserved 1048576K
GC Heap History (10 events):
Event: 7.200 GC heap after
Heap after GC invocations=18 (full 6):
 def new generation   total 138752K, used 15360K [0x0000000083000000, 0x000000008c680000, 0x00000000acaa0000)
  eden space 123392K,   0% used [0x0000000083000000, 0x0000000083000000, 0x000000008a880000)
  from space 15360K, 100% used [0x000000008a880000, 0x000000008b780000, 0x000000008b780000)
  to   space 15360K,   0% used [0x000000008b780000, 0x000000008b780000, 0x000000008c680000)
 tenured generation   total 308116K, used 298302K [0x00000000acaa0000, 0x00000000bf785000, 0x0000000100000000)
   the space 308116K,  96% used [0x00000000acaa0000, 0x00000000bedefa10, 0x00000000bedefc00, 0x00000000bf785000)
 Metaspace       used 7428K, capacity 7676K, committed 7808K, reserved 1056768K
  class space    used 779K, capacity 858K, committed 896K, reserved 1048576K
}
Event: 7.481 GC heap before
{Heap before GC invocations=18 (full 6):
 def new generation   total 138752K, used 138752K [0x0000000083000000, 0x000000008c680000, 0x00000000acaa0000)
  eden space 123392K, 100% used [0x0000000083000000, 0x000000008a880000, 0x000000008a880000)
  from space 15360K, 100% used [0x000000008a880000, 0x000000008b780000, 0x000000008b780000)
  to   space 15360K,   0% used [0x000000008b780000, 0x000000008b780000, 0x000000008c680000)
 tenured generation   total 308116K, used 298302K [0x00000000acaa0000, 0x00000000bf785000, 0x0000000100000000)
   the space 308116K,  96% used [0x00000000acaa0000, 0x00000000bedefa10, 0x00000000bedefc00, 0x00000000bf785000)
 Metaspace       used 7428K, capacity 7676K, committed 7808K, reserved 1056768K
  class space    used 779K, capacity 858K, committed 896K, reserved 1048576K
Event: 8.699 GC heap after
Heap after GC invocations=19 (full 7):
 def new generation   total 280512K, used 1150K [0x0000000083000000, 0x0000000096050000, 0x00000000acaa0000)
  eden space 249408K,   0% used [0x0000000083000000, 0x000000008311f860, 0x0000000092390000)
  from space 31104K,   0% used [0x0000000092390000, 0x0000000092390000, 0x00000000941f0000)
  to   space 31104K,   0% used [0x00000000941f0000, 0x00000000941f0000, 0x0000000096050000)
 tenured generation   total 623196K, used 373915K [0x00000000acaa0000, 0x00000000d2b37000, 0x0000000100000000)
   the space 623196K,  59% used [0x00000000acaa0000, 0x00000000c37c6ff8, 0x00000000c37c7000, 0x00000000d2b37000)
 Metaspace       used 7428K, capacity 7676K, committed 7808K, reserved 1056768K
  class space    used 779K, capacity 858K, committed 896K, reserved 1048576K
}
Event: 10.210 GC heap before
{Heap before GC invocations=19 (full 7):
 def new generation   total 280512K, used 249408K [0x0000000083000000, 0x0000000096050000, 0x00000000acaa0000)
  eden space 249408K, 100% used [0x0000000083000000, 0x0000000092390000, 0x0000000092390000)
  from space 31104K,   0% used [0x0000000092390000, 0x0000000092390000, 0x00000000941f0000)
  to   space 31104K,   0% used [0x00000000941f0000, 0x00000000941f0000, 0x0000000096050000)
 tenured generation   total 623196K, used 373915K [0x00000000acaa0000, 0x00000000d2b37000, 0x0000000100000000)
   the space 623196K,  59% used [0x00000000acaa0000, 0x00000000c37c6ff8, 0x00000000c37c7000, 0x00000000d2b37000)
 Metaspace       used 7428K, capacity 7676K, committed 7808K, reserved 1056768K
  class space    used 779K, capacity 858K, committed 896K, reserved 1048576K
Event: 11.364 GC heap after
Heap after GC invocations=20 (full 7):
 def new generation   total 280512K, used 31103K [0x0000000083000000, 0x0000000096050000, 0x00000000acaa0000)
  eden space 249408K,   0% used [0x0000000083000000, 0x0000000083000000, 0x0000000092390000)
  from space 31104K,  99% used [0x00000000941f0000, 0x000000009604fff8, 0x0000000096050000)
  to   space 31104K,   0% used [0x0000000092390000, 0x0000000092390000, 0x00000000941f0000)
 tenured generation   total 623196K, used 467065K [0x00000000acaa0000, 0x00000000d2b37000, 0x0000000100000000)
   the space 623196K,  74% used [0x00000000acaa0000, 0x00000000c92be4b8, 0x00000000c92be600, 0x00000000d2b37000)
 Metaspace       used 7428K, capacity 7676K, committed 7808K, reserved 1056768K
  class space    used 779K, capacity 858K, committed 896K, reserved 1048576K
}
Event: 12.010 GC heap before
{Heap before GC invocations=20 (full 7):
 def new generation   total 280512K, used 280511K [0x0000000083000000, 0x0000000096050000, 0x00000000acaa0000)
  eden space 249408K, 100% used [0x0000000083000000, 0x0000000092390000, 0x0000000092390000)
  from space 31104K,  99% used [0x00000000941f0000, 0x000000009604fff8, 0x0000000096050000)
  to   space 31104K,   0% used [0x0000000092390000, 0x0000000092390000, 0x00000000941f0000)
 tenured generation   total 623196K, used 467065K [0x00000000acaa0000, 0x00000000d2b37000, 0x0000000100000000)
   the space 623196K,  74% used [0x00000000acaa0000, 0x00000000c92be4b8, 0x00000000c92be600, 0x00000000d2b37000)
 Metaspace       used 7428K, capacity 7676K, committed 7808K, reserved 1056768K
  class space    used 779K, capacity 858K, committed 896K, reserved 1048576K
Event: 23.160 GC heap after
Heap after GC invocations=21 (full 8):
 def new generation   total 455232K, used 0K [0x0000000083000000, 0x00000000a1df0000, 0x00000000acaa0000)
  eden space 404672K,   0% used [0x0000000083000000, 0x0000000083000000, 0x000000009bb30000)
  from space 50560K,   0% used [0x000000009bb30000, 0x000000009bb30000, 0x000000009ec90000)
  to   space 50560K,   0% used [0x000000009ec90000, 0x000000009ec90000, 0x00000000a1df0000)
 tenured generation   total 1011480K, used 606887K [0x00000000acaa0000, 0x00000000ea666000, 0x0000000100000000)
   the space 1011480K,  59% used [0x00000000acaa0000, 0x00000000d1b49ec8, 0x00000000d1b4a000, 0x00000000ea666000)
 Metaspace       used 7428K, capacity 7676K, committed 7808K, reserved 1056768K
  class space    used 779K, capacity 858K, committed 896K, reserved 1048576K
}
Event: 29.454 GC heap before
{Heap before GC invocations=21 (full 8):
 def new generation   total 455232K, used 404672K [0x0000000083000000, 0x00000000a1df0000, 0x00000000acaa0000)
  eden space 404672K, 100% used [0x0000000083000000, 0x000000009bb30000, 0x000000009bb30000)
  from space 50560K,   0% used [0x000000009bb30000, 0x000000009bb30000, 0x000000009ec90000)
  to   space 50560K,   0% used [0x000000009ec90000, 0x000000009ec90000, 0x00000000a1df0000)
 tenured generation   total 1011480K, used 606887K [0x00000000acaa0000, 0x00000000ea666000, 0x0000000100000000)
   the space 1011480K,  59% used [0x00000000acaa0000, 0x00000000d1b49ec8, 0x00000000d1b4a000, 0x00000000ea666000)
 Metaspace       used 7428K, capacity 7676K, committed 7808K, reserved 1056768K
  class space    used 779K, capacity 858K, committed 896K, reserved 1048576K
Event: 30.983 GC heap after
Heap after GC invocations=22 (full 8):
 def new generation   total 455232K, used 50560K [0x0000000083000000, 0x00000000a1df0000, 0x00000000acaa0000)
  eden space 404672K,   0% used [0x0000000083000000, 0x0000000083000000, 0x000000009bb30000)
  from space 50560K, 100% used [0x000000009ec90000, 0x00000000a1df0000, 0x00000000a1df0000)
  to   space 50560K,   0% used [0x000000009bb30000, 0x000000009bb30000, 0x000000009ec90000)
 tenured generation   total 1011480K, used 757110K [0x00000000acaa0000, 0x00000000ea666000, 0x0000000100000000)
   the space 1011480K,  74% used [0x00000000acaa0000, 0x00000000dadfd9a8, 0x00000000dadfda00, 0x00000000ea666000)
 Metaspace       used 7428K, capacity 7676K, committed 7808K, reserved 1056768K
  class space    used 779K, capacity 858K, committed 896K, reserved 1048576K
}
Event: 33.146 GC heap before
{Heap before GC invocations=22 (full 8):
 def new generation   total 455232K, used 455232K [0x0000000083000000, 0x00000000a1df0000, 0x00000000acaa0000)
  eden space 404672K, 100% used [0x0000000083000000, 0x000000009bb30000, 0x000000009bb30000)
  from space 50560K, 100% used [0x000000009ec90000, 0x00000000a1df0000, 0x00000000a1df0000)
  to   space 50560K,   0% used [0x000000009bb30000, 0x000000009bb30000, 0x000000009ec90000)
 tenured generation   total 1011480K, used 757110K [0x00000000acaa0000, 0x00000000ea666000, 0x0000000100000000)
   the space 1011480K,  74% used [0x00000000acaa0000, 0x00000000dadfd9a8, 0x00000000dadfda00, 0x00000000ea666000)
 Metaspace       used 7428K, capacity 7676K, committed 7808K, reserved 1056768K
  class space    used 779K, capacity 858K, committed 896K, reserved 1048576K

