# JRE version: OpenJDK Runtime Environment (8.0_60-b24) (build 1.8.0_60-b24)
# Java VM: OpenJDK 64-Bit Server VM (25.60-b23 mixed mode linux-amd64 compressed oops)
Heap:
 def new generation   total 487616K, used 0K [0x0000000083000000, 0x00000000a4110000, 0x00000000acaa0000)
  eden space 433472K,   0% used [0x0000000083000000, 0x0000000083000000, 0x000000009d750000)
  from space 54144K,   0% used [0x000000009d750000, 0x000000009d750000, 0x00000000a0c30000)
  to   space 54144K,   0% used [0x00000000a0c30000, 0x00000000a0c30000, 0x00000000a4110000)
 tenured generation   total 1106516K, used 856478K [0x00000000acaa0000, 0x00000000f0335000, 0x0000000100000000)
   the space 1106516K,  77% used [0x00000000acaa0000, 0x00000000e0f07b40, 0x00000000e0f07c00, 0x00000000f0335000)
 Metaspace       used 10646K, capacity 11002K, committed 11264K, reserved 1058816K
  class space    used 1126K, capacity 1243K, committed 1280K, reserved 1048576K
GC Heap History (10 events):
Event: 9.595 GC heap after
Heap after GC invocations=19 (full 6):
 def new generation   total 145920K, used 16192K [0x0000000083000000, 0x000000008ce50000, 0x00000000acaa0000)
  eden space 129728K,   0% used [0x0000000083000000, 0x0000000083000000, 0x000000008aeb0000)
  from space 16192K, 100% used [0x000000008aeb0000, 0x000000008be80000, 0x000000008be80000)
  to   space 16192K,   0% used [0x000000008be80000, 0x000000008be80000, 0x000000008ce50000)
 tenured generation   total 324200K, used 323105K [0x00000000acaa0000, 0x00000000c073a000, 0x0000000100000000)
   the space 324200K,  99% used [0x00000000acaa0000, 0x00000000c0628760, 0x00000000c0628800, 0x00000000c073a000)
 Metaspace       used 7419K, capacity 7676K, committed 7808K, reserved 1056768K
  class space    used 779K, capacity 858K, committed 896K, reserved 1048576K
}
Event: 10.187 GC heap before
{Heap before GC invocations=19 (full 6):
 def new generation   total 145920K, used 145920K [0x0000000083000000, 0x000000008ce50000, 0x00000000acaa0000)
  eden space 129728K, 100% used [0x0000000083000000, 0x000000008aeb0000, 0x000000008aeb0000)
  from space 16192K, 100% used [0x000000008aeb0000, 0x000000008be80000, 0x000000008be80000)
  to   space 16192K,   0% used [0x000000008be80000, 0x000000008be80000, 0x000000008ce50000)
 tenured generation   total 324200K, used 323105K [0x00000000acaa0000, 0x00000000c073a000, 0x0000000100000000)
   the space 324200K,  99% used [0x00000000acaa0000, 0x00000000c0628760, 0x00000000c0628800, 0x00000000c073a000)
 Metaspace       used 7419K, capacity 7676K, committed 7808K, reserved 1056768K
  class space    used 779K, capacity 858K, committed 896K, reserved 1048576K
Event: 11.291 GC heap after
Heap after GC invocations=20 (full 7):
 def new generation   total 302912K, used 0K [0x0000000083000000, 0x00000000978a0000, 0x00000000acaa0000)
  eden space 269312K,   0% used [0x0000000083000000, 0x0000000083000000, 0x0000000093700000)
  from space 33600K,   0% used [0x0000000093700000, 0x0000000093700000, 0x00000000957d0000)
  to   space 33600K,   0% used [0x00000000957d0000, 0x00000000957d0000, 0x00000000978a0000)
 tenured generation   total 673004K, used 403800K [0x00000000acaa0000, 0x00000000d5bdb000, 0x0000000100000000)
   the space 673004K,  59% used [0x00000000acaa0000, 0x00000000c54f6108, 0x00000000c54f6200, 0x00000000d5bdb000)
 Metaspace       used 7419K, capacity 7676K, committed 7808K, reserved 1056768K
  class space    used 779K, capacity 858K, committed 896K, reserved 1048576K
}
Event: 12.314 GC heap before
{Heap before GC invocations=20 (full 7):
 def new generation   total 302912K, used 260658K [0x0000000083000000, 0x00000000978a0000, 0x00000000acaa0000)
  eden space 269312K,  96% used [0x0000000083000000, 0x0000000092e8c980, 0x0000000093700000)
  from space 33600K,   0% used [0x0000000093700000, 0x0000000093700000, 0x00000000957d0000)
  to   space 33600K,   0% used [0x00000000957d0000, 0x00000000957d0000, 0x00000000978a0000)
 tenured generation   total 673004K, used 403800K [0x00000000acaa0000, 0x00000000d5bdb000, 0x0000000100000000)
   the space 673004K,  59% used [0x00000000acaa0000, 0x00000000c54f6108, 0x00000000c54f6200, 0x00000000d5bdb000)
 Metaspace       used 7419K, capacity 7676K, committed 7808K, reserved 1056768K
  class space    used 779K, capacity 858K, committed 896K, reserved 1048576K
Event: 13.003 GC heap after
Heap after GC invocations=21 (full 7):
 def new generation   total 302912K, used 33600K [0x0000000083000000, 0x00000000978a0000, 0x00000000acaa0000)
  eden space 269312K,   0% used [0x0000000083000000, 0x0000000083000000, 0x0000000093700000)
  from space 33600K, 100% used [0x00000000957d0000, 0x00000000978a0000, 0x00000000978a0000)
  to   space 33600K,   0% used [0x0000000093700000, 0x0000000093700000, 0x00000000957d0000)
 tenured generation   total 673004K, used 497254K [0x00000000acaa0000, 0x00000000d5bdb000, 0x0000000100000000)
   the space 673004K,  73% used [0x00000000acaa0000, 0x00000000cb039868, 0x00000000cb039a00, 0x00000000d5bdb000)
 Metaspace       used 7419K, capacity 7676K, committed 7808K, reserved 1056768K
  class space    used 779K, capacity 858K, committed 896K, reserved 1048576K
}
Event: 13.729 GC heap before
{Heap before GC invocations=21 (full 7):
 def new generation   total 302912K, used 302912K [0x0000000083000000, 0x00000000978a0000, 0x00000000acaa0000)
  eden space 269312K, 100% used [0x0000000083000000, 0x0000000093700000, 0x0000000093700000)
  from space 33600K, 100% used [0x00000000957d0000, 0x00000000978a0000, 0x00000000978a0000)
  to   space 33600K,   0% used [0x0000000093700000, 0x0000000093700000, 0x00000000957d0000)
 tenured generation   total 673004K, used 497254K [0x00000000acaa0000, 0x00000000d5bdb000, 0x0000000100000000)
   the space 673004K,  73% used [0x00000000acaa0000, 0x00000000cb039868, 0x00000000cb039a00, 0x00000000d5bdb000)
 Metaspace       used 7419K, capacity 7676K, committed 7808K, reserved 1056768K
  class space    used 779K, capacity 858K, committed 896K, reserved 1048576K
Event: 29.092 GC heap after
Heap after GC invocations=22 (full 8):
 def new generation   total 487616K, used 0K [0x0000000083000000, 0x00000000a4110000, 0x00000000acaa0000)
  eden space 433472K,   0% used [0x0000000083000000, 0x0000000083000000, 0x000000009d750000)
  from space 54144K,   0% used [0x000000009d750000, 0x000000009d750000, 0x00000000a0c30000)
  to   space 54144K,   0% used [0x00000000a0c30000, 0x00000000a0c30000, 0x00000000a4110000)
 tenured generation   total 1083476K, used 650083K [0x00000000acaa0000, 0x00000000eecb5000, 0x0000000100000000)
   the space 1083476K,  59% used [0x00000000acaa0000, 0x00000000d4578f70, 0x00000000d4579000, 0x00000000eecb5000)
 Metaspace       used 7419K, capacity 7676K, committed 7808K, reserved 1056768K
  class space    used 779K, capacity 858K, committed 896K, reserved 1048576K
}
Event: 35.918 GC heap before
{Heap before GC invocations=22 (full 8):
 def new generation   total 487616K, used 433472K [0x0000000083000000, 0x00000000a4110000, 0x00000000acaa0000)
  eden space 433472K, 100% used [0x0000000083000000, 0x000000009d750000, 0x000000009d750000)
  from space 54144K,   0% used [0x000000009d750000, 0x000000009d750000, 0x00000000a0c30000)
  to   space 54144K,   0% used [0x00000000a0c30000, 0x00000000a0c30000, 0x00000000a4110000)
 tenured generation   total 1083476K, used 650083K [0x00000000acaa0000, 0x00000000eecb5000, 0x0000000100000000)
   the space 1083476K,  59% used [0x00000000acaa0000, 0x00000000d4578f70, 0x00000000d4579000, 0x00000000eecb5000)
 Metaspace       used 7419K, capacity 7676K, committed 7808K, reserved 1056768K
  class space    used 779K, capacity 858K, committed 896K, reserved 1048576K
Event: 37.591 GC heap after
Heap after GC invocations=23 (full 8):
 def new generation   total 487616K, used 54143K [0x0000000083000000, 0x00000000a4110000, 0x00000000acaa0000)
  eden space 433472K,   0% used [0x0000000083000000, 0x0000000083000000, 0x000000009d750000)
  from space 54144K,  99% used [0x00000000a0c30000, 0x00000000a410fff8, 0x00000000a4110000)
  to   space 54144K,   0% used [0x000000009d750000, 0x000000009d750000, 0x00000000a0c30000)
 tenured generation   total 1083476K, used 811004K [0x00000000acaa0000, 0x00000000eecb5000, 0x0000000100000000)
   the space 1083476K,  74% used [0x00000000acaa0000, 0x00000000de29f2e0, 0x00000000de29f400, 0x00000000eecb5000)
 Metaspace       used 7419K, capacity 7676K, committed 7808K, reserved 1056768K
  class space    used 779K, capacity 858K, committed 896K, reserved 1048576K
}
Event: 44.827 GC heap before
{Heap before GC invocations=23 (full 8):
 def new generation   total 487616K, used 487615K [0x0000000083000000, 0x00000000a4110000, 0x00000000acaa0000)
  eden space 433472K, 100% used [0x0000000083000000, 0x000000009d750000, 0x000000009d750000)
  from space 54144K,  99% used [0x00000000a0c30000, 0x00000000a410fff8, 0x00000000a4110000)
  to   space 54144K,   0% used [0x000000009d750000, 0x000000009d750000, 0x00000000a0c30000)
 tenured generation   total 1083476K, used 811004K [0x00000000acaa0000, 0x00000000eecb5000, 0x0000000100000000)
   the space 1083476K,  74% used [0x00000000acaa0000, 0x00000000de29f2e0, 0x00000000de29f400, 0x00000000eecb5000)
 Metaspace       used 10646K, capacity 11002K, committed 11264K, reserved 1058816K
  class space    used 1126K, capacity 1243K, committed 1280K, reserved 1048576K

